<?xml version="1.0" encoding="UTF-8"?>
<!-- Generated by org.testng.reporters.JUnitReportReporter -->
<testsuite skipped="0" hostname="DELL" name="org.testNG.Priority" tests="3" failures="0" timestamp="28 Nov 2021 16:15:50 GMT" time="1.155" errors="0">
  <testcase name="tc2" time="0.178" classname="org.testNG.Priority"/>
  <testcase name="tc1" time="0.882" classname="org.testNG.Priority"/>
  <testcase name="tc3" time="0.095" classname="org.testNG.Priority"/>
</testsuite> <!-- org.testNG.Priority -->
