<?xml version="1.0" encoding="UTF-8"?>
<!-- Generated by org.testng.reporters.JUnitReportReporter -->
<testsuite skipped="0" hostname="DELL" name="org.testNG.softAssert" tests="1" failures="0" timestamp="29 Nov 2021 13:23:28 GMT" time="2.766" errors="0">
  <testcase name="tc1" time="2.766" classname="org.testNG.softAssert"/>
</testsuite> <!-- org.testNG.softAssert -->
