<?xml version="1.0" encoding="UTF-8"?>
<!-- Generated by org.testng.reporters.JUnitReportReporter -->
<testsuite skipped="0" hostname="DELL" name="org.testNG.Para" tests="1" failures="0" timestamp="28 Nov 2021 16:55:28 GMT" time="0.318" errors="0">
  <testcase name="tc1" time="0.318" classname="org.testNG.Para"/>
</testsuite> <!-- org.testNG.Para -->
