<?xml version="1.0" encoding="UTF-8"?>
<!-- Generated by org.testng.reporters.JUnitReportReporter -->
<testsuite skipped="0" hostname="DELL" name="org.testNG.Annotations" tests="2" failures="0" timestamp="28 Nov 2021 16:15:50 GMT" time="0.007" errors="0">
  <testcase name="testCase1" time="0.007" classname="org.testNG.Annotations"/>
  <testcase name="testCase2" time="0.000" classname="org.testNG.Annotations"/>
</testsuite> <!-- org.testNG.Annotations -->
