<?xml version="1.0" encoding="UTF-8"?>
<!-- Generated by org.testng.reporters.JUnitReportReporter -->
<testsuite skipped="0" hostname="DELL" name="org.testNG.Invocation" tests="4" failures="0" timestamp="28 Nov 2021 16:01:33 GMT" time="31.186" errors="0">
  <testcase name="tc1" time="8.009" classname="org.testNG.Invocation"/>
  <testcase name="tc1" time="8.188" classname="org.testNG.Invocation"/>
  <testcase name="tc1" time="7.550" classname="org.testNG.Invocation"/>
  <testcase name="tc1" time="7.439" classname="org.testNG.Invocation"/>
</testsuite> <!-- org.testNG.Invocation -->
